<?xml version="1.0" encoding="UTF-8"?>
<!-- Generated by org.testng.reporters.JUnitReportReporter -->
<testsuite hostname="LE15-GNK1-IND" failures="0" tests="1" name="extentrepos.ExtentReport.ExtentReportDemo" time="23.004" errors="0" timestamp="2022-03-22T18:53:01 IST" skipped="0">
  <testcase classname="extentrepos.ExtentReport.ExtentReportDemo" name="initialDemo" time="23.004"/>
  <system-out/>
</testsuite> <!-- extentrepos.ExtentReport.ExtentReportDemo -->
